<?xml version="1.0" encoding="UTF-8"?>
<!-- Generated by org.testng.reporters.JUnitXMLReporter -->
<testsuite ignored="1" hostname="BSC-413ZMC2" failures="0" tests="1" name="negativeTests" time="21.95" errors="0" timestamp="22 Apr 2021 10:18:01 GMT">
  <testcase classname="com.herokuapp.theinternet.negativeTests" name="loginTest" time="21.904"/>
  <testcase classname="com.herokuapp.theinternet.negativeTests" name="passwordTest" time="0.0">
    <ignored/>
  </testcase> <!-- passwordTest -->
</testsuite> <!-- negativeTests -->
